<?xml version="1.0" encoding="UTF-8"?>
<testsuite name="modules.TenantTest" tests="1" skipped="0" failures="0" errors="0" timestamp="2021-09-07T14:01:11" hostname="sirkadima-HP-Compaq-6200-Pro-SFF-PC" time="0.022">
  <properties/>
  <testcase name="tenantVariablesAreAssignable()" classname="modules.TenantTest" time="0.022"/>
  <system-out><![CDATA[]]></system-out>
  <system-err><![CDATA[]]></system-err>
</testsuite>
