<?xml version="1.0" encoding="UTF-8"?>
<testsuite name="modules.LandlordTest" tests="2" skipped="0" failures="0" errors="0" timestamp="2021-09-08T13:53:02" hostname="sirkadima-HP-Compaq-6200-Pro-SFF-PC" time="0.003">
  <properties/>
  <testcase name="landlordObjectInstantiates()" classname="modules.LandlordTest" time="0.001"/>
  <testcase name="landlordVariablesAreAssignable()" classname="modules.LandlordTest" time="0.001"/>
  <system-out><![CDATA[]]></system-out>
  <system-err><![CDATA[]]></system-err>
</testsuite>
