<?xml version="1.0" encoding="UTF-8"?>
<testsuite name="modules.TenantTest" tests="2" skipped="0" failures="0" errors="0" timestamp="2021-09-08T13:53:02" hostname="sirkadima-HP-Compaq-6200-Pro-SFF-PC" time="0.02">
  <properties/>
  <testcase name="tenantObjectInstantiates()" classname="modules.TenantTest" time="0.018"/>
  <testcase name="tenantVariablesAreAssignable()" classname="modules.TenantTest" time="0.001"/>
  <system-out><![CDATA[]]></system-out>
  <system-err><![CDATA[]]></system-err>
</testsuite>
