<?xml version="1.0" encoding="UTF-8"?>
<testsuite name="modules.PropertyTest" tests="1" skipped="0" failures="0" errors="0" timestamp="2021-09-07T12:55:07" hostname="sirkadima-HP-Compaq-6200-Pro-SFF-PC" time="0.019">
  <properties/>
  <testcase name="allVariablesAreAssignable()" classname="modules.PropertyTest" time="0.019"/>
  <system-out><![CDATA[]]></system-out>
  <system-err><![CDATA[]]></system-err>
</testsuite>
