<?xml version="1.0" encoding="UTF-8"?>
<testsuite name="modules.LandlordTest" tests="1" skipped="0" failures="0" errors="0" timestamp="2021-09-07T13:17:32" hostname="sirkadima-HP-Compaq-6200-Pro-SFF-PC" time="0.019">
  <properties/>
  <testcase name="landlordVariablesAreAssignable()" classname="modules.LandlordTest" time="0.019"/>
  <system-out><![CDATA[]]></system-out>
  <system-err><![CDATA[]]></system-err>
</testsuite>
