<?xml version="1.0" encoding="UTF-8"?>
<testsuite name="modules.PropertyTest" tests="2" skipped="0" failures="0" errors="0" timestamp="2021-09-08T13:53:02" hostname="sirkadima-HP-Compaq-6200-Pro-SFF-PC" time="0.002">
  <properties/>
  <testcase name="propertyObjectInstantiatesSuccessfully()" classname="modules.PropertyTest" time="0.001"/>
  <testcase name="allVariablesAreAssignable()" classname="modules.PropertyTest" time="0.0"/>
  <system-out><![CDATA[]]></system-out>
  <system-err><![CDATA[]]></system-err>
</testsuite>
